
> frontend@0.1.0 build
> next build

  ▲ Next.js 14.2.5

   Creating an optimized production build ...
<w> [webpack.cache.PackFileCacheStrategy/webpack.FileSystemInfo] Resolving '../../../typescript/lib/typescript' in e:\inventory_management_og\frontend\node_modules\next\dist\build for build dependencies doesn't lead to expected result 'E:\inventory_management_og\frontend\node_modules\typescript\lib\typescript.js', but to 'e:\inventory_management_og\frontend\node_modules\typescript\lib\typescript.js' instead. Resolving dependencies are ignored for this path.
<w>  at resolve commonjs file ../../../typescript/lib/typescript (expected E:\inventory_management_og\frontend\node_modules\typescript\lib\typescript.js)
<w>  at file dependencies e:\inventory_management_og\frontend\node_modules\next\dist\build\load-jsconfig.js
<w>  at file e:\inventory_management_og\frontend\node_modules\next\dist\build\load-jsconfig.js
<w>  at file dependencies e:\inventory_management_og\frontend\node_modules\next\dist\build\webpack-config.js
<w>  at file e:\inventory_management_og\frontend\node_modules\next\dist\build\webpack-config.js
<w>  at file dependencies e:\inventory_management_og\frontend\node_modules\next\dist\build\webpack\loaders\next-swc-loader.js
<w>  at file e:\inventory_management_og\frontend\node_modules\next\dist\build\webpack\loaders\next-swc-loader.js
<w>  at resolve commonjs e:\inventory_management_og\frontend\node_modules\next\dist\build\webpack\loaders\next-swc-loader.js
<w> [webpack.cache.PackFileCacheStrategy/webpack.FileSystemInfo] Resolving '../../../typescript/lib/typescript' in e:\inventory_management_og\frontend\node_modules\next\dist\build for build dependencies doesn't lead to expected result 'E:\inventory_management_og\frontend\node_modules\typescript\lib\typescript.js', but to 'e:\inventory_management_og\frontend\node_modules\typescript\lib\typescript.js' instead. Resolving dependencies are ignored for this path.
<w>  at resolve commonjs file ../../../typescript/lib/typescript (expected E:\inventory_management_og\frontend\node_modules\typescript\lib\typescript.js)
<w>  at file dependencies e:\inventory_management_og\frontend\node_modules\next\dist\build\load-jsconfig.js
<w>  at file e:\inventory_management_og\frontend\node_modules\next\dist\build\load-jsconfig.js
<w>  at file dependencies e:\inventory_management_og\frontend\node_modules\next\dist\build\webpack-config.js
<w>  at file e:\inventory_management_og\frontend\node_modules\next\dist\build\webpack-config.js
<w>  at file dependencies e:\inventory_management_og\frontend\node_modules\next\dist\build\handle-externals.js
<w>  at file e:\inventory_management_og\frontend\node_modules\next\dist\build\handle-externals.js
<w>  at file dependencies e:\inventory_management_og\frontend\node_modules\next\dist\build\webpack\loaders\next-swc-loader.js
<w>  at file e:\inventory_management_og\frontend\node_modules\next\dist\build\webpack\loaders\next-swc-loader.js
<w>  at resolve commonjs e:\inventory_management_og\frontend\node_modules\next\dist\build\webpack\loaders\next-swc-loader.js
 ✓ Compiled successfully
   Linting and checking validity of types ...
Terminate batch job (Y/N)? 
^C